<?xml version="1.0" encoding="utf-8" standalone="no"?>
<!--This file represents the results of running a test suite-->
<test-results name="C:\Users\hortoncb\Documents\college classes\CSSE\csse376\SettlersOfCatan\SettlersOfCatanProject\SettlersOfCatan\ClassLibrary1\bin\Debug\ClassLibrary1.dll" total="21" errors="0" failures="0" not-run="0" inconclusive="0" ignored="0" skipped="0" invalid="0" date="2014-04-03" time="22:27:03">
  <environment nunit-version="2.6.3.13283" clr-version="2.0.50727.5477" os-version="Microsoft Windows NT 6.1.7601 Service Pack 1" platform="Win32NT" cwd="C:\Program Files (x86)\NUnit 2.6.3\bin" machine-name="HORTONCB-1" user="hortoncb" user-domain="HORTONCB-1" />
  <culture-info current-culture="en-US" current-uiculture="en-US" />
  <test-suite type="Assembly" name="C:\Users\hortoncb\Documents\college classes\CSSE\csse376\SettlersOfCatan\SettlersOfCatanProject\SettlersOfCatan\ClassLibrary1\bin\Debug\ClassLibrary1.dll" executed="True" result="Success" success="True" time="0.159" asserts="0">
    <results>
      <test-suite type="Namespace" name="ClassLibrary1" executed="True" result="Success" success="True" time="0.143" asserts="0">
        <results>
          <test-suite type="TestFixture" name="HandTest" executed="True" result="Success" success="True" time="0.141" asserts="0">
            <results>
              <test-case name="ClassLibrary1.HandTest.testBrickAt0" executed="True" result="Success" success="True" time="0.030" asserts="1" />
              <test-case name="ClassLibrary1.HandTest.testConstructor" executed="True" result="Success" success="True" time="0.007" asserts="1" />
              <test-case name="ClassLibrary1.HandTest.testGrainAt0" executed="True" result="Success" success="True" time="0.000" asserts="1" />
              <test-case name="ClassLibrary1.HandTest.testLumberAt0" executed="True" result="Success" success="True" time="0.000" asserts="1" />
              <test-case name="ClassLibrary1.HandTest.testModifyBrickNeg" executed="True" result="Success" success="True" time="0.000" asserts="1" />
              <test-case name="ClassLibrary1.HandTest.testModifyBrickNegResult" executed="True" result="Success" success="True" time="0.004" asserts="0" />
              <test-case name="ClassLibrary1.HandTest.testModifyBrickPos" executed="True" result="Success" success="True" time="0.000" asserts="1" />
              <test-case name="ClassLibrary1.HandTest.testModifyGrainNeg" executed="True" result="Success" success="True" time="0.000" asserts="1" />
              <test-case name="ClassLibrary1.HandTest.testModifyGrainNegResult" executed="True" result="Success" success="True" time="0.001" asserts="0" />
              <test-case name="ClassLibrary1.HandTest.testModifyGrainPos" executed="True" result="Success" success="True" time="0.000" asserts="1" />
              <test-case name="ClassLibrary1.HandTest.testModifyLumberNeg" executed="True" result="Success" success="True" time="0.000" asserts="1" />
              <test-case name="ClassLibrary1.HandTest.testModifyLumberNegResult" executed="True" result="Success" success="True" time="0.001" asserts="0" />
              <test-case name="ClassLibrary1.HandTest.testModifyLumberPos" executed="True" result="Success" success="True" time="0.000" asserts="1" />
              <test-case name="ClassLibrary1.HandTest.testModifyOreNeg" executed="True" result="Success" success="True" time="0.001" asserts="2" />
              <test-case name="ClassLibrary1.HandTest.testModifyOreNegResult" executed="True" result="Success" success="True" time="0.001" asserts="0" />
              <test-case name="ClassLibrary1.HandTest.testModifyOrePos" executed="True" result="Success" success="True" time="0.000" asserts="1" />
              <test-case name="ClassLibrary1.HandTest.testModifyWoolNeg" executed="True" result="Success" success="True" time="0.001" asserts="1" />
              <test-case name="ClassLibrary1.HandTest.testModifyWoolNegResult" executed="True" result="Success" success="True" time="0.001" asserts="0" />
              <test-case name="ClassLibrary1.HandTest.testModifyWoolPos" executed="True" result="Success" success="True" time="0.000" asserts="1" />
              <test-case name="ClassLibrary1.HandTest.testOreAt0" executed="True" result="Success" success="True" time="0.000" asserts="1" />
              <test-case name="ClassLibrary1.HandTest.testWoolAt0" executed="True" result="Success" success="True" time="0.000" asserts="1" />
            </results>
          </test-suite>
        </results>
      </test-suite>
    </results>
  </test-suite>
</test-results>