<?xml version="1.0" encoding="utf-8" standalone="no"?>
<!--This file represents the results of running a test suite-->
<test-results name="C:\Users\heibelcj\Documents\Classes\Spring 2013-14\CSSE376\SettlersOfCatanProject\SettlersOfCatan\ClassLibrary1\bin\Debug\ClassLibrary1.dll" total="7" errors="0" failures="1" not-run="0" inconclusive="0" ignored="0" skipped="0" invalid="0" date="2014-04-27" time="22:50:16">
  <environment nunit-version="2.6.3.13283" clr-version="2.0.50727.5477" os-version="Microsoft Windows NT 6.1.7601 Service Pack 1" platform="Win32NT" cwd="C:\Program Files (x86)\NUnit 2.6.3\bin" machine-name="HEIBELCJ-1" user="heibelcj" user-domain="HEIBELCJ-1" />
  <culture-info current-culture="en-US" current-uiculture="en-US" />
  <test-suite type="Assembly" name="C:\Users\heibelcj\Documents\Classes\Spring 2013-14\CSSE376\SettlersOfCatanProject\SettlersOfCatan\ClassLibrary1\bin\Debug\ClassLibrary1.dll" executed="True" result="Failure" success="False" time="3.505" asserts="0">
    <results>
      <test-suite type="Namespace" name="ClassLibrary1" executed="True" result="Failure" success="False" time="3.473" asserts="0">
        <results>
          <test-suite type="TestFixture" name="WorldTest" executed="True" result="Failure" success="False" time="3.469" asserts="0">
            <results>
              <test-case name="ClassLibrary1.WorldTest.TestConstructorWithoutParametersSetsFieldsCorrectly" executed="True" result="Success" success="True" time="0.188" asserts="2" />
              <test-case name="ClassLibrary1.WorldTest.TestConstructorWithParametersSetsFieldsCorrectly" executed="True" result="Success" success="True" time="0.019" asserts="3" />
              <test-case name="ClassLibrary1.WorldTest.TestDiceRolling" executed="True" result="Success" success="True" time="0.011" asserts="2" />
              <test-case name="ClassLibrary1.WorldTest.TestEndTurn" executed="True" result="Success" success="True" time="0.002" asserts="4" />
              <test-case name="ClassLibrary1.WorldTest.TestThatResourcesAreGenerated" executed="True" result="Failure" success="False" time="0.185" asserts="1">
                <failure>
                  <message><![CDATA[  Expected: 1
  But was:  0
]]></message>
                  <stack-trace><![CDATA[at ClassLibrary1.WorldTest.TestThatResourcesAreGenerated() in c:\Users\heibelcj\Documents\Classes\Spring 2013-14\CSSE376\SettlersOfCatanProject\SettlersOfCatan\ClassLibrary1\WorldTest.cs:line 106
]]></stack-trace>
                </failure>
              </test-case>
              <test-case name="ClassLibrary1.WorldTest.TestThatSettlementGetsBuild" executed="True" result="Success" success="True" time="0.133" asserts="4" />
              <test-case name="ClassLibrary1.WorldTest.TestWorldInitializesProperly" executed="True" result="Success" success="True" time="0.003" asserts="2" />
            </results>
          </test-suite>
        </results>
      </test-suite>
    </results>
  </test-suite>
</test-results>