<?xml version="1.0" encoding="utf-8" standalone="no"?>
<!--This file represents the results of running a test suite-->
<test-results name="C:\Users\cheungnj\Desktop\[SCHOOL]\[CSSE 376]\[PROJECT]\SettlersOfCatan\SettlersOfCatan\ClassLibrary1\bin\Debug\ClassLibrary1.dll" total="1" errors="0" failures="0" not-run="0" inconclusive="0" ignored="0" skipped="0" invalid="0" date="2014-04-04" time="16:22:01">
  <environment nunit-version="2.6.3.13283" clr-version="2.0.50727.5477" os-version="Microsoft Windows NT 6.1.7601 Service Pack 1" platform="Win32NT" cwd="C:\Program Files (x86)\NUnit 2.6.3\bin" machine-name="CHEUNGNJ-1" user="cheungnj" user-domain="CHEUNGNJ-1" />
  <culture-info current-culture="en-US" current-uiculture="en-US" />
  <test-suite type="Assembly" name="C:\Users\cheungnj\Desktop\[SCHOOL]\[CSSE 376]\[PROJECT]\SettlersOfCatan\SettlersOfCatan\ClassLibrary1\bin\Debug\ClassLibrary1.dll" executed="True" result="Success" success="True" time="0.004" asserts="0">
    <results>
      <test-suite type="Namespace" name="ClassLibrary1" executed="True" result="Success" success="True" time="0.003" asserts="0">
        <results>
          <test-suite type="TestFixture" name="ComputerTest" executed="True" result="Success" success="True" time="0.002" asserts="0">
            <results>
              <test-case name="ClassLibrary1.ComputerTest.TestComputerConstructsNameAndColorCorrectly" executed="True" result="Success" success="True" time="0.000" asserts="2" />
            </results>
          </test-suite>
        </results>
      </test-suite>
    </results>
  </test-suite>
</test-results>